<?xml version="1.0" encoding="UTF-8"?>
<testng-results ignored="36" total="37" passed="1" failed="0" skipped="0">
  <reporter-output>
  </reporter-output>
  <suite started-at="2022-11-22T12:28:06 IST" name="Default suite" finished-at="2022-11-22T12:28:12 IST" duration-ms="6631">
    <groups>
    </groups>
    <test started-at="2022-11-22T12:28:06 IST" name="Default test" finished-at="2022-11-22T12:28:12 IST" duration-ms="6631">
      <class name="Automation.Spotify.Api">
        <test-method signature="getUserProfile()[pri:0, instance:Automation.Spotify.Api@66498326]" started-at="2022-11-22T12:28:06 IST" name="getUserProfile" finished-at="2022-11-22T12:28:12 IST" duration-ms="6525" status="PASS">
          <reporter-output>
          </reporter-output>
        </test-method> <!-- getUserProfile -->
      </class> <!-- Automation.Spotify.Api -->
    </test> <!-- Default test -->
  </suite> <!-- Default suite -->
</testng-results>
