<?xml version="1.0" encoding="UTF-8"?>
<!-- Generated by org.testng.reporters.JUnitXMLReporter -->
<testsuite ignored="36" hostname="DESKTOP-40TRC32" failures="0" tests="1" name="Default test" time="6.631" errors="0" timestamp="2022-11-22T12:28:12 IST">
  <testcase classname="Automation.Spotify.Api" name="getUserProfile" time="6.525"/>
  <testcase classname="Automation.Spotify.Api" name="getArtists" time="0.0">
    <ignored/>
  </testcase> <!-- getArtists -->
  <testcase classname="Automation.Spotify.Api" name="Recommendatons" time="0.0">
    <ignored/>
  </testcase> <!-- Recommendatons -->
  <testcase classname="Automation.Spotify.Api" name="getTrackAudioAnalysis" time="0.0">
    <ignored/>
  </testcase> <!-- getTrackAudioAnalysis -->
  <testcase classname="Automation.Spotify.Api" name="SearchForItem" time="0.0">
    <ignored/>
  </testcase> <!-- SearchForItem -->
  <testcase classname="Automation.Spotify.Api" name="FeaturedPlaylists" time="0.0">
    <ignored/>
  </testcase> <!-- FeaturedPlaylists -->
  <testcase classname="Automation.Spotify.Api" name="changePlaylists" time="0.0">
    <ignored/>
  </testcase> <!-- changePlaylists -->
  <testcase classname="Automation.Spotify.Api" name="Playlists" time="0.0">
    <ignored/>
  </testcase> <!-- Playlists -->
  <testcase classname="Automation.Spotify.Api" name="PlaylistsCoverImage" time="0.0">
    <ignored/>
  </testcase> <!-- PlaylistsCoverImage -->
  <testcase classname="Automation.Spotify.Api" name="getCurrentUserPlaylists" time="0.0">
    <ignored/>
  </testcase> <!-- getCurrentUserPlaylists -->
  <testcase classname="Automation.Spotify.Api" name="getChapters" time="0.0">
    <ignored/>
  </testcase> <!-- getChapters -->
  <testcase classname="Automation.Spotify.Api" name="getTrack" time="0.0">
    <ignored/>
  </testcase> <!-- getTrack -->
  <testcase classname="Automation.Spotify.Api" name="getSeveralAlbums" time="0.0">
    <ignored/>
  </testcase> <!-- getSeveralAlbums -->
  <testcase classname="Automation.Spotify.Api" name="createUserProfile" time="0.0">
    <ignored/>
  </testcase> <!-- createUserProfile -->
  <testcase classname="Automation.Spotify.Api" name="getUserTopItems" time="0.0">
    <ignored/>
  </testcase> <!-- getUserTopItems -->
  <testcase classname="Automation.Spotify.Api" name="getSeveralAudiobooks" time="0.0">
    <ignored/>
  </testcase> <!-- getSeveralAudiobooks -->
  <testcase classname="Automation.Spotify.Api" name="getTrackAudioFeatures" time="0.0">
    <ignored/>
  </testcase> <!-- getTrackAudioFeatures -->
  <testcase classname="Automation.Spotify.Api" name="getSeveralShows" time="0.0">
    <ignored/>
  </testcase> <!-- getSeveralShows -->
  <testcase classname="Automation.Spotify.Api" name="getSeveralBrowseCategories" time="0.0">
    <ignored/>
  </testcase> <!-- getSeveralBrowseCategories -->
  <testcase classname="Automation.Spotify.Api" name="getAvailableMarkets" time="0.0">
    <ignored/>
  </testcase> <!-- getAvailableMarkets -->
  <testcase classname="Automation.Spotify.Api" name="getlAlbums" time="0.0">
    <ignored/>
  </testcase> <!-- getlAlbums -->
  <testcase classname="Automation.Spotify.Api" name="PlaylistsItems" time="0.0">
    <ignored/>
  </testcase> <!-- PlaylistsItems -->
  <testcase classname="Automation.Spotify.Api" name="getSeveralArtists" time="0.0">
    <ignored/>
  </testcase> <!-- getSeveralArtists -->
  <testcase classname="Automation.Spotify.Api" name="addItemsTolPlaylists" time="0.0">
    <ignored/>
  </testcase> <!-- addItemsTolPlaylists -->
  <testcase classname="Automation.Spotify.Api" name="getArtistsTopTracks" time="0.0">
    <ignored/>
  </testcase> <!-- getArtistsTopTracks -->
  <testcase classname="Automation.Spotify.Api" name="getArtistsRelatedArtists" time="0.0">
    <ignored/>
  </testcase> <!-- getArtistsRelatedArtists -->
  <testcase classname="Automation.Spotify.Api" name="UsersFollowPlaylists" time="0.0">
    <ignored/>
  </testcase> <!-- UsersFollowPlaylists -->
  <testcase classname="Automation.Spotify.Api" name="getSeveralTracks" time="0.0">
    <ignored/>
  </testcase> <!-- getSeveralTracks -->
  <testcase classname="Automation.Spotify.Api" name="getArtistsAlbums" time="0.0">
    <ignored/>
  </testcase> <!-- getArtistsAlbums -->
  <testcase classname="Automation.Spotify.Api" name="getlSeveralChapters" time="0.0">
    <ignored/>
  </testcase> <!-- getlSeveralChapters -->
  <testcase classname="Automation.Spotify.Api" name="getlAlbumsTrack" time="0.0">
    <ignored/>
  </testcase> <!-- getlAlbumsTrack -->
  <testcase classname="Automation.Spotify.Api" name="CreatelPlaylists" time="0.0">
    <ignored/>
  </testcase> <!-- CreatelPlaylists -->
  <testcase classname="Automation.Spotify.Api" name="FollowedArtists" time="0.0">
    <ignored/>
  </testcase> <!-- FollowedArtists -->
  <testcase classname="Automation.Spotify.Api" name="FollowedArtistsorUsers" time="0.0">
    <ignored/>
  </testcase> <!-- FollowedArtistsorUsers -->
  <testcase classname="Automation.Spotify.Api" name="NewRealeases" time="0.0">
    <ignored/>
  </testcase> <!-- NewRealeases -->
  <testcase classname="Automation.Spotify.Api" name="getAvailableGenreSeeds" time="0.0">
    <ignored/>
  </testcase> <!-- getAvailableGenreSeeds -->
  <testcase classname="Automation.Spotify.Api" name="UserPlaylists" time="0.0">
    <ignored/>
  </testcase> <!-- UserPlaylists -->
</testsuite> <!-- Default test -->
